<html>
<head>
<title>TestNG:  Test1</title>
<link href="../testng.css" rel="stylesheet" type="text/css" />
<link href="../my-testng.css" rel="stylesheet" type="text/css" />

<style type="text/css">
.log { display: none;} 
.stack-trace { display: none;} 
</style>
<script type="text/javascript">
<!--
function flip(e) {
  current = e.style.display;
  if (current == 'block') {
    e.style.display = 'none';
    return 0;
  }
  else {
    e.style.display = 'block';
    return 1;
  }
}

function toggleBox(szDivId, elem, msg1, msg2)
{
  var res = -1;  if (document.getElementById) {
    res = flip(document.getElementById(szDivId));
  }
  else if (document.all) {
    // this is the way old msie versions work
    res = flip(document.all[szDivId]);
  }
  if(elem) {
    if(res == 0) elem.innerHTML = msg1; else elem.innerHTML = msg2;
  }

}

function toggleAllBoxes() {
  if (document.getElementsByTagName) {
    d = document.getElementsByTagName('div');
    for (i = 0; i < d.length; i++) {
      if (d[i].className == 'log') {
        flip(d[i]);
      }
    }
  }
}

// -->
</script>

</head>
<body>
<h2 align='center'>Test1</h2><table border='1' align="center">
<tr>
<td>Tests passed/Failed/Skipped:</td><td>11/0/1</td>
</tr><tr>
<td>Started on:</td><td>Tue Apr 11 12:50:58 CST 2017</td>
</tr>
<tr><td>Total time:</td><td>0 seconds (56 ms)</td>
</tr><tr>
<td>Included groups:</td><td>systemtest functiontest </td>
</tr><tr>
<td>Excluded groups:</td><td></td>
</tr>
</table><p/>
<small><i>(Hover the method name to see the test class name)</i></small><p/>
<table width='100%' border='1' class='invocation-passed'>
<tr><td colspan='4' align='center'><b>PASSED TESTS</b></td></tr>
<tr><td><b>Test method</b></td>
<td width="30%"><b>Exception</b></td>
<td width="10%"><b>Time (seconds)</b></td>
<td><b>Instance</b></td>
</tr>
<tr>
<td title='TestNg.TestNg1.Aest12()'><b>Aest12</b><br>Test class: TestNg.TestNg1</td>
<td></td>
<td>0</td>
<td>TestNg.TestNg1@9629756</td></tr>
<tr>
<td title='TestNg.TestNg.test1()'><b>test1</b><br>Test class: TestNg.TestNg</td>
<td></td>
<td>0</td>
<td>TestNg.TestNg@58651fd0</td></tr>
<tr>
<td title='TestNg.TestNg1.test11()'><b>test11</b><br>Test class: TestNg.TestNg1</td>
<td></td>
<td>0</td>
<td>TestNg.TestNg1@9629756</td></tr>
<tr>
<td title='TestNg.TestNg1.test13()'><b>test13</b><br>Test class: TestNg.TestNg1</td>
<td></td>
<td>0</td>
<td>TestNg.TestNg1@9629756</td></tr>
<tr>
<td title='TestNg.TestNg1.test14()'><b>test14</b><br>Test class: TestNg.TestNg1</td>
<td></td>
<td>0</td>
<td>TestNg.TestNg1@9629756</td></tr>
<tr>
<td title='TestNg.TestNg.test2()'><b>test2</b><br>Test class: TestNg.TestNg</td>
<td></td>
<td>0</td>
<td>TestNg.TestNg@58651fd0</td></tr>
<tr>
<td title='TestNg.GroupTest.testClickPage()'><b>testClickPage</b><br>Test class: TestNg.GroupTest</td>
<td></td>
<td>0</td>
<td>TestNg.GroupTest@4520ebad</td></tr>
<tr>
<td title='TestNg.TestNg1.testException()'><b>testException</b><br>Test class: TestNg.TestNg1</td>
<td><div><pre>java.lang.IllegalArgumentException: NullPoint
	at TestNg.TestNg1.testException(TestNg1.java:32)
... Removed 25 stack frames</pre></div><a href='#' onClick='toggleBox("stack-trace1715998167", this, "Click to show all stack frames", "Click to hide stack frames")'>Click to show all stack frames</a>
<div class='stack-trace' id='stack-trace1715998167'><pre>java.lang.IllegalArgumentException: NullPoint
	at TestNg.TestNg1.testException(TestNg1.java:32)
	at sun.reflect.NativeMethodAccessorImpl.invoke0(Native Method)
	at sun.reflect.NativeMethodAccessorImpl.invoke(NativeMethodAccessorImpl.java:62)
	at sun.reflect.DelegatingMethodAccessorImpl.invoke(DelegatingMethodAccessorImpl.java:43)
	at java.lang.reflect.Method.invoke(Method.java:497)
	at org.testng.internal.MethodInvocationHelper.invokeMethod(MethodInvocationHelper.java:100)
	at org.testng.internal.Invoker.invokeMethod(Invoker.java:646)
	at org.testng.internal.Invoker.invokeTestMethod(Invoker.java:811)
	at org.testng.internal.Invoker.invokeTestMethods(Invoker.java:1129)
	at org.testng.internal.TestMethodWorker.invokeTestMethods(TestMethodWorker.java:129)
	at org.testng.internal.TestMethodWorker.run(TestMethodWorker.java:112)
	at org.testng.TestRunner.privateRun(TestRunner.java:746)
	at org.testng.TestRunner.run(TestRunner.java:600)
	at org.testng.SuiteRunner.runTest(SuiteRunner.java:366)
	at org.testng.SuiteRunner.runSequentially(SuiteRunner.java:361)
	at org.testng.SuiteRunner.privateRun(SuiteRunner.java:319)
	at org.testng.SuiteRunner.run(SuiteRunner.java:268)
	at org.testng.SuiteRunnerWorker.runSuite(SuiteRunnerWorker.java:52)
	at org.testng.SuiteRunnerWorker.run(SuiteRunnerWorker.java:86)
	at org.testng.TestNG.runSuitesSequentially(TestNG.java:1264)
	at org.testng.TestNG.runSuitesLocally(TestNG.java:1189)
	at org.testng.TestNG.runSuites(TestNG.java:1104)
	at org.testng.TestNG.run(TestNG.java:1076)
	at org.testng.remote.AbstractRemoteTestNG.run(AbstractRemoteTestNG.java:126)
	at org.testng.remote.RemoteTestNG.initAndRun(RemoteTestNG.java:152)
	at org.testng.remote.RemoteTestNG.main(RemoteTestNG.java:57)
</pre></div></td>
<td>0</td>
<td>TestNg.TestNg1@9629756</td></tr>
<tr>
<td title='TestNg.GroupTest.testLogin()'><b>testLogin</b><br>Test class: TestNg.GroupTest</td>
<td></td>
<td>0</td>
<td>TestNg.GroupTest@4520ebad</td></tr>
<tr>
<td title='TestNg.GroupTest.testOpenPage()'><b>testOpenPage</b><br>Test class: TestNg.GroupTest</td>
<td></td>
<td>0</td>
<td>TestNg.GroupTest@4520ebad</td></tr>
<tr>
<td title='TestNg.ParameterizedTest.testPara1()'><b>testPara1</b><br>Test class: TestNg.ParameterizedTest<br>Parameters: Dog, Cat</td>
<td></td>
<td>0</td>
<td>TestNg.ParameterizedTest@5419f379</td></tr>
</table><p>
<table width='100%' border='1' class='invocation-skipped'>
<tr><td colspan='4' align='center'><b>SKIPPED TESTS</b></td></tr>
<tr><td><b>Test method</b></td>
<td width="30%"><b>Exception</b></td>
<td width="10%"><b>Time (seconds)</b></td>
<td><b>Instance</b></td>
</tr>
<tr>
<td title='TestNg.DataProviderTest.testVerifyUser()'><b>testVerifyUser</b><br>Test class: TestNg.DataProviderTest</td>
<td><div><pre>java.lang.NoClassDefFoundError: com/google/common/primitives/Ints
Caused by: java.lang.ClassNotFoundException: com.google.common.primitives.Ints
	at java.net.URLClassLoader.findClass(URLClassLoader.java:381)
	at java.lang.ClassLoader.loadClass(ClassLoader.java:424)
	at sun.misc.Launcher$AppClassLoader.loadClass(Launcher.java:331)
	at java.lang.ClassLoader.loadClass(ClassLoader.java:357)
	... 27 more
... Removed 27 stack frames</pre></div><a href='#' onClick='toggleBox("stack-trace553871028", this, "Click to show all stack frames", "Click to hide stack frames")'>Click to show all stack frames</a>
<div class='stack-trace' id='stack-trace553871028'><pre>java.lang.NoClassDefFoundError: com/google/common/primitives/Ints
	at org.testng.internal.annotations.JDK15TagFactory.createDataProviderTag(JDK15TagFactory.java:335)
	at org.testng.internal.annotations.JDK15TagFactory.createTag(JDK15TagFactory.java:59)
	at org.testng.internal.annotations.JDK15AnnotationFinder.findAnnotation(JDK15AnnotationFinder.java:217)
	at org.testng.internal.annotations.JDK15AnnotationFinder.findAnnotation(JDK15AnnotationFinder.java:111)
	at org.testng.internal.Parameters.findDataProvider(Parameters.java:326)
	at org.testng.internal.Parameters.findDataProvider(Parameters.java:261)
	at org.testng.internal.Parameters.handleParameters(Parameters.java:418)
	at org.testng.internal.Invoker.handleParameters(Invoker.java:1240)
	at org.testng.internal.Invoker.createParameters(Invoker.java:980)
	at org.testng.internal.Invoker.invokeTestMethods(Invoker.java:1070)
	at org.testng.internal.TestMethodWorker.invokeTestMethods(TestMethodWorker.java:129)
	at org.testng.internal.TestMethodWorker.run(TestMethodWorker.java:112)
	at org.testng.TestRunner.privateRun(TestRunner.java:746)
	at org.testng.TestRunner.run(TestRunner.java:600)
	at org.testng.SuiteRunner.runTest(SuiteRunner.java:366)
	at org.testng.SuiteRunner.runSequentially(SuiteRunner.java:361)
	at org.testng.SuiteRunner.privateRun(SuiteRunner.java:319)
	at org.testng.SuiteRunner.run(SuiteRunner.java:268)
	at org.testng.SuiteRunnerWorker.runSuite(SuiteRunnerWorker.java:52)
	at org.testng.SuiteRunnerWorker.run(SuiteRunnerWorker.java:86)
	at org.testng.TestNG.runSuitesSequentially(TestNG.java:1264)
	at org.testng.TestNG.runSuitesLocally(TestNG.java:1189)
	at org.testng.TestNG.runSuites(TestNG.java:1104)
	at org.testng.TestNG.run(TestNG.java:1076)
	at org.testng.remote.AbstractRemoteTestNG.run(AbstractRemoteTestNG.java:126)
	at org.testng.remote.RemoteTestNG.initAndRun(RemoteTestNG.java:152)
	at org.testng.remote.RemoteTestNG.main(RemoteTestNG.java:57)
Caused by: java.lang.ClassNotFoundException: com.google.common.primitives.Ints
	at java.net.URLClassLoader.findClass(URLClassLoader.java:381)
	at java.lang.ClassLoader.loadClass(ClassLoader.java:424)
	at sun.misc.Launcher$AppClassLoader.loadClass(Launcher.java:331)
	at java.lang.ClassLoader.loadClass(ClassLoader.java:357)
	... 27 more
</pre></div></td>
<td>0</td>
<td>TestNg.DataProviderTest@7dc7cbad</td></tr>
</table><p>
</body>
</html>